msg: OS is Windows
msg: Executing with OpenMP
msg:  inputfile:  tarlox.inp
msg:  outputfile: conc.out
msg: ReadCellParams new
 spcrad_value:    200.000000000000     
 Ndrugs_used:            1
msg:  ReadDrugData
im, membrane_diff_in, out:    0   0.123E-09   0.500E-12
Kmet0,Kd read:    1   0   1  0.0000  0.0000
Kmet0,Kd read:    1   0   2  2.0000  0.0000
im, membrane_diff_in, out:    1   0.300E-11   0.300E-11
Kmet0,Kd read:    1   1   1  0.0000  0.0920
Kmet0,Kd read:    1   1   2  0.0000  0.0920
 drug:            1 DNB  Tarlox          
 nmetabolites:            1
 Ndrugs_used:            1
msg:  ReadProtocol:
DRUG                                                            
Tarlox                                                          
 ndrugs_used:            1
 Tarlox          Tarlox          
 ichemo:            5
define DRUG_EVENT: volume, O2conc:   1   0.050 580.000
define MEDIUM_EVENT: volume:   2  10.000 580.000
msg:  nevents:            2
 Type 1 cells
msg: shape, sigma:   0.1200E+01  0.1200E+01  0.1823E+00  0.1823E+00
msg: Median, mean divide time:   0.2400E+02  0.2400E+02  0.2440E+02  0.2440E+02
 
GUI version: GUI2.0      
DLL version: DLL2.0      
 
msg:  Opened nfout: conc.out
msg: nsteps, NT_CONC, DELTA_T:    129     1  200.
msg: NT_DISPLAY, DT_DISPLAY:      1  200.
msg: did ReadCellParams
msg:  ncpu:            1
msg: OPENMP defined
msg: Requested Mnodes:  1
msg: Machine processors:  8
msg: Max threads available:  1
msg:  Threads, max:            1           1
msg: did omp_initialisation
msg:  npar =            1        1234        5678
msg: did deallocation
msg:  Initial count, max_nlist:     54000000       10000
msg: did ArrayInitialisation
msg: Startup procedures have been executed: initial T cell count:      0
msg: istep,hour,IC,EC:      0   0.0   0.000E+00   0.000E+00   0.000E+00   0.000E+00
msg: istep,hour,IC,EC:      9   0.5   0.000E+00   0.000E+00   0.000E+00   0.000E+00
msg: istep,hour,IC,EC:     18   1.0   0.000E+00   0.000E+00   0.000E+00   0.000E+00
msg: istep,hour,IC,EC:     27   1.5   0.000E+00   0.000E+00   0.000E+00   0.000E+00
Event:     36  1   7200.   7200.  5    0.0500 1100.0000
msg: DRUG_EVENT: volume, conc:       0.0500   1100.0000     55.0000
 
 MediumChange:
Ve:   0.0500
Ce: 580.0000  5.5000  0.0000  0.0000********  0.0000  0.0000  0.0000  0.0000  0.0000  0.0000  0.0000
total_volume, Vcells, Vm, Vr:  10.0000  0.1229  9.8771  0.0000
mass:  29.0000  0.2750  0.0000  0.0000 55.0000  0.0000  0.0000  0.0000  0.0000  0.0000  0.0000  0.0000
New total_volume (total + Ve):  10.0500
Volume of medium (total - Vcells):   9.9271
Conc:   2.9213  0.0277  0.0000  0.0000  5.5404  0.0000  0.0000  0.0000  0.0000  0.0000  0.0000  0.0000
idrug,iparent,im,ichemo,Cmedium:   1  5  0  5   0.554E+01
idrug,iparent,im,ichemo,Cmedium:   1  5  1  6   0.000E+00
 
DrugSolver: IC,EC:    0.000E+00   0.554E+01
DrugSolver: IC,EC:    0.000E+00   0.554E+01
DrugSolver: IC,EC:    0.986E+01   0.542E+01
DrugSolver: IC,EC:    0.986E+01   0.542E+01
DrugSolver: IC,EC:    0.194E+02   0.530E+01
DrugSolver: IC,EC:    0.194E+02   0.530E+01
DrugSolver: IC,EC:    0.287E+02   0.519E+01
DrugSolver: IC,EC:    0.287E+02   0.519E+01
DrugSolver: IC,EC:    0.378E+02   0.508E+01
DrugSolver: IC,EC:    0.378E+02   0.508E+01
DrugSolver: IC,EC:    0.465E+02   0.497E+01
DrugSolver: IC,EC:    0.465E+02   0.497E+01
msg: istep,hour,IC,EC:     36   2.0   0.550E+02   0.487E+01   0.000E+00   0.000E+00
DrugSolver: IC,EC:    0.550E+02   0.487E+01
DrugSolver: IC,EC:    0.550E+02   0.487E+01
DrugSolver: IC,EC:    0.101E+03   0.430E+01
DrugSolver: IC,EC:    0.101E+03   0.430E+01
DrugSolver: IC,EC:    0.140E+03   0.383E+01
DrugSolver: IC,EC:    0.140E+03   0.383E+01
DrugSolver: IC,EC:    0.172E+03   0.343E+01
DrugSolver: IC,EC:    0.172E+03   0.343E+01
DrugSolver: IC,EC:    0.199E+03   0.310E+01
DrugSolver: IC,EC:    0.199E+03   0.310E+01
DrugSolver: IC,EC:    0.222E+03   0.282E+01
DrugSolver: IC,EC:    0.222E+03   0.282E+01
DrugSolver: IC,EC:    0.241E+03   0.259E+01
DrugSolver: IC,EC:    0.241E+03   0.259E+01
DrugSolver: IC,EC:    0.257E+03   0.239E+01
DrugSolver: IC,EC:    0.257E+03   0.239E+01
DrugSolver: IC,EC:    0.271E+03   0.223E+01
DrugSolver: IC,EC:    0.271E+03   0.223E+01
msg: istep,hour,IC,EC:     45   2.5   0.282E+03   0.209E+01   0.000E+00   0.000E+00
DrugSolver: IC,EC:    0.282E+03   0.209E+01
DrugSolver: IC,EC:    0.282E+03   0.209E+01
DrugSolver: IC,EC:    0.291E+03   0.198E+01
DrugSolver: IC,EC:    0.291E+03   0.198E+01
DrugSolver: IC,EC:    0.299E+03   0.188E+01
DrugSolver: IC,EC:    0.299E+03   0.188E+01
DrugSolver: IC,EC:    0.306E+03   0.180E+01
DrugSolver: IC,EC:    0.306E+03   0.180E+01
DrugSolver: IC,EC:    0.311E+03   0.173E+01
DrugSolver: IC,EC:    0.311E+03   0.173E+01
DrugSolver: IC,EC:    0.316E+03   0.167E+01
DrugSolver: IC,EC:    0.316E+03   0.167E+01
DrugSolver: IC,EC:    0.320E+03   0.163E+01
DrugSolver: IC,EC:    0.320E+03   0.163E+01
DrugSolver: IC,EC:    0.323E+03   0.159E+01
DrugSolver: IC,EC:    0.323E+03   0.159E+01
DrugSolver: IC,EC:    0.326E+03   0.155E+01
DrugSolver: IC,EC:    0.326E+03   0.155E+01
msg: istep,hour,IC,EC:     54   3.0   0.328E+03   0.152E+01   0.000E+00   0.000E+00
DrugSolver: IC,EC:    0.328E+03   0.152E+01
DrugSolver: IC,EC:    0.328E+03   0.152E+01
DrugSolver: IC,EC:    0.330E+03   0.150E+01
DrugSolver: IC,EC:    0.330E+03   0.150E+01
DrugSolver: IC,EC:    0.332E+03   0.148E+01
DrugSolver: IC,EC:    0.332E+03   0.148E+01
DrugSolver: IC,EC:    0.333E+03   0.147E+01
DrugSolver: IC,EC:    0.333E+03   0.147E+01
DrugSolver: IC,EC:    0.334E+03   0.145E+01
DrugSolver: IC,EC:    0.334E+03   0.145E+01
DrugSolver: IC,EC:    0.335E+03   0.144E+01
DrugSolver: IC,EC:    0.335E+03   0.144E+01
DrugSolver: IC,EC:    0.336E+03   0.143E+01
DrugSolver: IC,EC:    0.336E+03   0.143E+01
DrugSolver: IC,EC:    0.337E+03   0.142E+01
DrugSolver: IC,EC:    0.337E+03   0.142E+01
DrugSolver: IC,EC:    0.337E+03   0.141E+01
DrugSolver: IC,EC:    0.337E+03   0.141E+01
msg: istep,hour,IC,EC:     63   3.5   0.338E+03   0.141E+01   0.000E+00   0.000E+00
DrugSolver: IC,EC:    0.338E+03   0.141E+01
DrugSolver: IC,EC:    0.338E+03   0.141E+01
DrugSolver: IC,EC:    0.338E+03   0.140E+01
DrugSolver: IC,EC:    0.338E+03   0.140E+01
DrugSolver: IC,EC:    0.339E+03   0.140E+01
DrugSolver: IC,EC:    0.339E+03   0.140E+01
DrugSolver: IC,EC:    0.339E+03   0.140E+01
DrugSolver: IC,EC:    0.339E+03   0.140E+01
DrugSolver: IC,EC:    0.339E+03   0.139E+01
DrugSolver: IC,EC:    0.339E+03   0.139E+01
DrugSolver: IC,EC:    0.339E+03   0.139E+01
DrugSolver: IC,EC:    0.339E+03   0.139E+01
DrugSolver: IC,EC:    0.339E+03   0.139E+01
DrugSolver: IC,EC:    0.339E+03   0.139E+01
DrugSolver: IC,EC:    0.340E+03   0.139E+01
DrugSolver: IC,EC:    0.340E+03   0.139E+01
DrugSolver: IC,EC:    0.340E+03   0.139E+01
DrugSolver: IC,EC:    0.340E+03   0.139E+01
msg: istep,hour,IC,EC:     72   4.0   0.340E+03   0.139E+01   0.000E+00   0.000E+00
DrugSolver: IC,EC:    0.340E+03   0.139E+01
DrugSolver: IC,EC:    0.340E+03   0.139E+01
DrugSolver: IC,EC:    0.340E+03   0.138E+01
DrugSolver: IC,EC:    0.340E+03   0.138E+01
DrugSolver: IC,EC:    0.340E+03   0.138E+01
DrugSolver: IC,EC:    0.340E+03   0.138E+01
DrugSolver: IC,EC:    0.340E+03   0.138E+01
DrugSolver: IC,EC:    0.340E+03   0.138E+01
DrugSolver: IC,EC:    0.340E+03   0.138E+01
DrugSolver: IC,EC:    0.340E+03   0.138E+01
DrugSolver: IC,EC:    0.340E+03   0.138E+01
DrugSolver: IC,EC:    0.340E+03   0.138E+01
DrugSolver: IC,EC:    0.340E+03   0.138E+01
DrugSolver: IC,EC:    0.340E+03   0.138E+01
DrugSolver: IC,EC:    0.340E+03   0.138E+01
DrugSolver: IC,EC:    0.340E+03   0.138E+01
DrugSolver: IC,EC:    0.340E+03   0.138E+01
DrugSolver: IC,EC:    0.340E+03   0.138E+01
msg: istep,hour,IC,EC:     81   4.5   0.340E+03   0.138E+01   0.000E+00   0.000E+00
DrugSolver: IC,EC:    0.340E+03   0.138E+01
DrugSolver: IC,EC:    0.340E+03   0.138E+01
DrugSolver: IC,EC:    0.340E+03   0.138E+01
DrugSolver: IC,EC:    0.340E+03   0.138E+01
DrugSolver: IC,EC:    0.340E+03   0.138E+01
DrugSolver: IC,EC:    0.340E+03   0.138E+01
DrugSolver: IC,EC:    0.340E+03   0.138E+01
DrugSolver: IC,EC:    0.340E+03   0.138E+01
DrugSolver: IC,EC:    0.340E+03   0.138E+01
DrugSolver: IC,EC:    0.340E+03   0.138E+01
DrugSolver: IC,EC:    0.340E+03   0.138E+01
DrugSolver: IC,EC:    0.340E+03   0.138E+01
DrugSolver: IC,EC:    0.340E+03   0.138E+01
DrugSolver: IC,EC:    0.340E+03   0.138E+01
DrugSolver: IC,EC:    0.340E+03   0.138E+01
DrugSolver: IC,EC:    0.340E+03   0.138E+01
DrugSolver: IC,EC:    0.340E+03   0.138E+01
DrugSolver: IC,EC:    0.340E+03   0.138E+01
msg: istep,hour,IC,EC:     90   5.0   0.340E+03   0.138E+01   0.000E+00   0.000E+00
DrugSolver: IC,EC:    0.340E+03   0.138E+01
DrugSolver: IC,EC:    0.340E+03   0.138E+01
DrugSolver: IC,EC:    0.340E+03   0.138E+01
DrugSolver: IC,EC:    0.340E+03   0.138E+01
DrugSolver: IC,EC:    0.340E+03   0.138E+01
DrugSolver: IC,EC:    0.340E+03   0.138E+01
DrugSolver: IC,EC:    0.340E+03   0.138E+01
DrugSolver: IC,EC:    0.340E+03   0.138E+01
DrugSolver: IC,EC:    0.340E+03   0.138E+01
DrugSolver: IC,EC:    0.340E+03   0.138E+01
DrugSolver: IC,EC:    0.340E+03   0.138E+01
DrugSolver: IC,EC:    0.340E+03   0.138E+01
DrugSolver: IC,EC:    0.340E+03   0.138E+01
DrugSolver: IC,EC:    0.340E+03   0.138E+01
DrugSolver: IC,EC:    0.340E+03   0.138E+01
DrugSolver: IC,EC:    0.340E+03   0.138E+01
DrugSolver: IC,EC:    0.340E+03   0.138E+01
DrugSolver: IC,EC:    0.340E+03   0.138E+01
msg: istep,hour,IC,EC:     99   5.5   0.340E+03   0.138E+01   0.000E+00   0.000E+00
DrugSolver: IC,EC:    0.340E+03   0.138E+01
DrugSolver: IC,EC:    0.340E+03   0.138E+01
DrugSolver: IC,EC:    0.340E+03   0.138E+01
DrugSolver: IC,EC:    0.340E+03   0.138E+01
DrugSolver: IC,EC:    0.340E+03   0.138E+01
DrugSolver: IC,EC:    0.340E+03   0.138E+01
DrugSolver: IC,EC:    0.340E+03   0.138E+01
DrugSolver: IC,EC:    0.340E+03   0.138E+01
DrugSolver: IC,EC:    0.340E+03   0.138E+01
DrugSolver: IC,EC:    0.340E+03   0.138E+01
DrugSolver: IC,EC:    0.340E+03   0.138E+01
DrugSolver: IC,EC:    0.340E+03   0.138E+01
DrugSolver: IC,EC:    0.340E+03   0.138E+01
DrugSolver: IC,EC:    0.340E+03   0.138E+01
DrugSolver: IC,EC:    0.340E+03   0.138E+01
DrugSolver: IC,EC:    0.340E+03   0.138E+01
DrugSolver: IC,EC:    0.340E+03   0.138E+01
DrugSolver: IC,EC:    0.340E+03   0.138E+01
msg: istep,hour,IC,EC:    108   6.0   0.340E+03   0.138E+01   0.000E+00   0.000E+00
DrugSolver: IC,EC:    0.340E+03   0.138E+01
DrugSolver: IC,EC:    0.340E+03   0.138E+01
DrugSolver: IC,EC:    0.340E+03   0.138E+01
DrugSolver: IC,EC:    0.340E+03   0.138E+01
DrugSolver: IC,EC:    0.340E+03   0.138E+01
DrugSolver: IC,EC:    0.340E+03   0.138E+01
DrugSolver: IC,EC:    0.340E+03   0.138E+01
DrugSolver: IC,EC:    0.340E+03   0.138E+01
DrugSolver: IC,EC:    0.340E+03   0.138E+01
DrugSolver: IC,EC:    0.340E+03   0.138E+01
DrugSolver: IC,EC:    0.340E+03   0.138E+01
DrugSolver: IC,EC:    0.340E+03   0.138E+01
DrugSolver: IC,EC:    0.340E+03   0.138E+01
DrugSolver: IC,EC:    0.340E+03   0.138E+01
DrugSolver: IC,EC:    0.340E+03   0.138E+01
DrugSolver: IC,EC:    0.340E+03   0.138E+01
DrugSolver: IC,EC:    0.340E+03   0.138E+01
DrugSolver: IC,EC:    0.340E+03   0.138E+01
msg: istep,hour,IC,EC:    117   6.5   0.340E+03   0.138E+01   0.000E+00   0.000E+00
DrugSolver: IC,EC:    0.340E+03   0.138E+01
DrugSolver: IC,EC:    0.340E+03   0.138E+01
DrugSolver: IC,EC:    0.340E+03   0.138E+01
DrugSolver: IC,EC:    0.340E+03   0.138E+01
DrugSolver: IC,EC:    0.340E+03   0.138E+01
DrugSolver: IC,EC:    0.340E+03   0.138E+01
DrugSolver: IC,EC:    0.340E+03   0.138E+01
DrugSolver: IC,EC:    0.340E+03   0.138E+01
DrugSolver: IC,EC:    0.340E+03   0.138E+01
DrugSolver: IC,EC:    0.340E+03   0.138E+01
DrugSolver: IC,EC:    0.340E+03   0.138E+01
DrugSolver: IC,EC:    0.340E+03   0.138E+01
DrugSolver: IC,EC:    0.340E+03   0.138E+01
DrugSolver: IC,EC:    0.340E+03   0.138E+01
DrugSolver: IC,EC:    0.340E+03   0.138E+01
DrugSolver: IC,EC:    0.340E+03   0.138E+01
DrugSolver: IC,EC:    0.340E+03   0.138E+01
DrugSolver: IC,EC:    0.340E+03   0.138E+01
msg: istep,hour,IC,EC:    126   7.0   0.340E+03   0.138E+01   0.000E+00   0.000E+00
DrugSolver: IC,EC:    0.340E+03   0.138E+01
DrugSolver: IC,EC:    0.340E+03   0.138E+01
DrugSolver: IC,EC:    0.340E+03   0.138E+01
DrugSolver: IC,EC:    0.340E+03   0.138E+01
msg: terminate_run
msg: doing wrapup ...
msg: deallocated all arrays
msg: closed nfout
msg: closed files
msg: freed par_zig
msg:  Execution successful!
msg: Execution time (min):       0.00
