msg: OS is Windows
msg: Executing with OpenMP
msg:  inputfile:  PR104A.inp
msg:  outputfile: stirred_main.res
msg: ReadCellParams new
 spcrad_value:    200.000000000000     
 Ndrugs_used:            1
msg:  ReadDrugData
im, membrane_diff_in, out:    0   0.100E-09   0.167E-10
Kmet0,Kd read:    1   0   1  0.0300  0.0000
Kmet0,Kd read:    1   0   2  2.0000  0.0000
im, membrane_diff_in, out:    1   0.300E-11   0.300E-11
Kmet0,Kd read:    1   1   1  0.0000  0.0920
Kmet0,Kd read:    1   1   2  0.0000  0.0920
 drug:            1 DNB  PR104A          
 nmetabolites:            1
 Ndrugs_used:            1
msg:  ReadProtocol:
DRUG                                                            
PR104A                                                          
 ndrugs_used:            1
 PR104A          PR104A          
 ichemo:            5
define DRUG_EVENT: volume, O2conc:   1   0.005   0.008
define MEDIUM_EVENT: volume:   2   1.000   0.180
msg:  nevents:            2
 Type 1 cells
msg: shape, sigma:   0.1200E+01  0.1200E+01  0.1823E+00  0.1823E+00
msg: Median, mean divide time:   0.2400E+02  0.2400E+02  0.2440E+02  0.2440E+02
 
GUI version: GUI2.0      
DLL version: DLL2.0      
 
msg:  Opened nfout: stirred_main.res
msg: nsteps, NT_CONC, DELTA_T:    129     1  200.
msg: NT_DISPLAY, DT_DISPLAY:      1  200.
msg: did ReadCellParams
msg:  ncpu:            1
msg: OPENMP defined
msg: Requested Mnodes:  1
msg: Machine processors:  8
msg: Max threads available:  1
msg:  Threads, max:            1           1
msg: did omp_initialisation
msg:  npar =            1        1234        5678
msg: did deallocation
msg:  Initial count, max_nlist:      5000000       10000
msg: did ArrayInitialisation
msg: Startup procedures have been executed: initial T cell count:      0
msg: istep,hour,IC,EC:      0   0.0   0.000E+00   0.000E+00   0.000E+00   0.000E+00
msg: istep,hour,IC,EC:      9   0.5   0.000E+00   0.000E+00   0.000E+00   0.000E+00
msg: istep,hour,IC,EC:     18   1.0   0.000E+00   0.000E+00   0.000E+00   0.000E+00
msg: istep,hour,IC,EC:     27   1.5   0.000E+00   0.000E+00   0.000E+00   0.000E+00
Event:     36  1   7200.   7200.  5    0.0050    0.2000
msg: DRUG_EVENT: volume, conc:    0.005   0.200
 
 MediumChange:
Ve:   0.0050
Ce:   0.0080  5.5000  0.0000  0.0000  0.2000  0.0000  0.0000  0.0000  0.0000  0.0000  0.0000  0.0000
total_volume, Vcells, Vm, Vr:   1.0000  0.0050  0.9950  0.0000
mass:   0.0000  0.0275  0.0000  0.0000  0.0010  0.0000  0.0000  0.0000  0.0000  0.0000  0.0000  0.0000
Conc:   0.0000  0.0275  0.0000  0.0000  0.0010  0.0000  0.0000  0.0000  0.0000  0.0000  0.0000  0.0000
idrug,iparent,im,ichemo,Cmedium:   1  5  0  5   0.100E-02
idrug,iparent,im,ichemo,Cmedium:   1  5  1  6   0.000E+00
 
msg: istep,hour,IC,EC:     36   2.0   0.561E-02   0.969E-03   0.736E-05   0.108E-07
msg: istep,hour,IC,EC:     45   2.5   0.560E-02   0.934E-03   0.160E-04   0.185E-06
msg: istep,hour,IC,EC:     54   3.0   0.541E-02   0.903E-03   0.155E-04   0.202E-06
msg: istep,hour,IC,EC:     63   3.5   0.523E-02   0.872E-03   0.150E-04   0.197E-06
msg: istep,hour,IC,EC:     72   4.0   0.505E-02   0.842E-03   0.145E-04   0.191E-06
msg: istep,hour,IC,EC:     81   4.5   0.488E-02   0.813E-03   0.140E-04   0.184E-06
msg: istep,hour,IC,EC:     90   5.0   0.471E-02   0.786E-03   0.135E-04   0.178E-06
msg: istep,hour,IC,EC:     99   5.5   0.455E-02   0.759E-03   0.131E-04   0.172E-06
msg: istep,hour,IC,EC:    108   6.0   0.439E-02   0.733E-03   0.126E-04   0.166E-06
msg: istep,hour,IC,EC:    117   6.5   0.424E-02   0.708E-03   0.122E-04   0.160E-06
msg: istep,hour,IC,EC:    126   7.0   0.410E-02   0.684E-03   0.118E-04   0.155E-06
msg: terminate_run
msg: doing wrapup ...
msg: deallocated all arrays
msg: closed nfout
msg: closed files
msg: freed par_zig
msg:  Execution successful!
msg: Execution time (min):       0.00
